E&l2a0o7c067F(s0p16.66h3b6T&a00L
PREC REPORT-GROUP DETAIL                           GENERAL AND SPECIAL ELECTION                       UNOFFICIAL
                                                   YOAKUM COUNTY, TEXAS
                                                   NOVEMBER 4, 2014
RUN DATE:11/04/14 08:22 PM                                                                                 REPORT-EL30A PAGE 0001-01

0001 PRECINCT 101
                                        TOTAL VOTES     %   EARLY VOTING  ELECTION DAY
 REGISTERED VOTERS - TOTAL .  .  .  .  .  .     979
 BALLOTS CAST - TOTAL.  .  .  .  .  .  .  .     310                   170           140
 VOTER TURNOUT - TOTAL  .  .  .  .  .  .  .            31.66


Straight Party
VOTE FOR  1
 REPUBLICAN PARTY (REP) .  .  .  .  .  .  .     177    93.65           92            85
 DEMOCRATIC PARTY (DEM) .  .  .  .  .  .  .      11     5.82            9             2
 LIBERTARIAN PARTY (LIB).  .  .  .  .  .  .       1      .53            0             1
 GREEN PARTY (GRN).  .  .  .  .  .  .  .  .       0                     0             0


United States Senator
VOTE FOR  1
 John Cornyn (REP).  .  .  .  .  .  .  .  .     286    92.86          153           133
 David M. Alameel (DEM) .  .  .  .  .  .  .      15     4.87           11             4
 Rebecca Paddock (LIB)  .  .  .  .  .  .  .       5     1.62            3             2
 Emily "Spicybrown" Sanchez (GRN).  .  .  .       2      .65            1             1
 WRITE-IN.  .  .  .  .  .  .  .  .  .  .  .       0                     0             0


United States Representative District 19
VOTE FOR  1
 Randy Neugebauer (REP) .  .  .  .  .  .  .     273    89.22          146           127
 Neal Marchbanks (DEM)  .  .  .  .  .  .  .      26     8.50           17             9
 Richard (Chip) Peterson (LIB).  .  .  .  .       7     2.29            4             3
 WRITE-IN.  .  .  .  .  .  .  .  .  .  .  .       0                     0             0


Governor
VOTE FOR  1
 Greg Abbott (REP).  .  .  .  .  .  .  .  .     288    92.90          156           132
 Wendy R. Davis (DEM).  .  .  .  .  .  .  .      20     6.45           13             7
 Kathie Glass (LIB)  .  .  .  .  .  .  .  .       1      .32            0             1
 Brandon Parmer (GRN).  .  .  .  .  .  .  .       1      .32            1             0
 WRITE-IN.  .  .  .  .  .  .  .  .  .  .  .       0                     0             0


Lieutenant Governor
VOTE FOR  1
 Dan Patrick (REP).  .  .  .  .  .  .  .  .     278    91.15          149           129
 Leticia Van de Putte (DEM).  .  .  .  .  .      19     6.23           12             7
 Robert D. Butler (LIB) .  .  .  .  .  .  .       7     2.30            5             2
 Chandrakantha Courtney (GRN) .  .  .  .  .       1      .33            0             1


Attorney General
VOTE FOR  1
 Ken Paxton (REP) .  .  .  .  .  .  .  .  .     276    90.49          150           126
 Sam Houston (DEM).  .  .  .  .  .  .  .  .      23     7.54           15             8
 Jamie Balagia (LIB) .  .  .  .  .  .  .  .       5     1.64            2             3
 Jamar Osborne (GRN) .  .  .  .  .  .  .  .       1      .33            0             1PREC REPORT-GROUP DETAIL                           GENERAL AND SPECIAL ELECTION                       UNOFFICIAL
                                                   YOAKUM COUNTY, TEXAS
                                                   NOVEMBER 4, 2014
RUN DATE:11/04/14 08:22 PM                                                                                 REPORT-EL30A PAGE 0001-02

0001 PRECINCT 101
                                        TOTAL VOTES     %   EARLY VOTING  ELECTION DAY

Comptroller of Public Accounts
VOTE FOR  1
 Glenn Hegar (REP).  .  .  .  .  .  .  .  .     274    90.13          148           126
 Mike Collier (DEM)  .  .  .  .  .  .  .  .      24     7.89           15             9
 Ben Sanders (LIB).  .  .  .  .  .  .  .  .       4     1.32            3             1
 Deb Shafto (GRN) .  .  .  .  .  .  .  .  .       2      .66            0             2


Commissioner of the General Land Office
VOTE FOR  1
 George P. Bush (REP).  .  .  .  .  .  .  .     282    91.56          150           132
 John Cook (DEM)  .  .  .  .  .  .  .  .  .      21     6.82           16             5
 Justin Knight (LIB) .  .  .  .  .  .  .  .       5     1.62            3             2
 Valerie Alessi (GRN).  .  .  .  .  .  .  .       0                     0             0


Commissioner of Agriculture
VOTE FOR  1
 Sid Miller (REP) .  .  .  .  .  .  .  .  .     273    89.51          144           129
 Jim Hogan (DEM)  .  .  .  .  .  .  .  .  .      23     7.54           18             5
 David (Rocky) Palmquist (LIB).  .  .  .  .       6     1.97            4             2
 Kenneth Kendrick (GRN) .  .  .  .  .  .  .       3      .98            0             3


Railroad Commissioner
VOTE FOR  1
 Ryan Sitton (REP).  .  .  .  .  .  .  .  .     270    89.11          143           127
 Steve Brown (DEM).  .  .  .  .  .  .  .  .      26     8.58           16            10
 Mark A. Miller (LIB).  .  .  .  .  .  .  .       6     1.98            5             1
 Martina Salinas (GRN)  .  .  .  .  .  .  .       1      .33            1             0


Chief Justice, Supreme Court
VOTE FOR  1
 Nathan Hecht (REP)  .  .  .  .  .  .  .  .     277    91.12          146           131
 William Moody (DEM) .  .  .  .  .  .  .  .      22     7.24           15             7
 Tom Oxford (LIB) .  .  .  .  .  .  .  .  .       5     1.64            5             0


Justice, Supreme Court, Place 6
VOTE FOR  1
 Jeff Brown (REP) .  .  .  .  .  .  .  .  .     282    92.76          151           131
 Lawrence Edward Meyers (DEM) .  .  .  .  .      19     6.25           12             7
 Mark Ash (LIB).  .  .  .  .  .  .  .  .  .       3      .99            3             0


Justice, Supreme Court, Place 7
VOTE FOR  1
 Jeff Boyd (REP)  .  .  .  .  .  .  .  .  .     278    91.45          148           130
 Gina Benavides (DEM).  .  .  .  .  .  .  .      19     6.25           13             6
 Don Fulton (LIB) .  .  .  .  .  .  .  .  .       6     1.97            5             1
 Charles E. Waterbury (GRN).  .  .  .  .  .       1      .33            0             1PREC REPORT-GROUP DETAIL                           GENERAL AND SPECIAL ELECTION                       UNOFFICIAL
                                                   YOAKUM COUNTY, TEXAS
                                                   NOVEMBER 4, 2014
RUN DATE:11/04/14 08:22 PM                                                                                 REPORT-EL30A PAGE 0001-03

0001 PRECINCT 101
                                        TOTAL VOTES     %   EARLY VOTING  ELECTION DAY

Justice, Supreme Court, Place 8
VOTE FOR  1
 Phil Johnson (REP)  .  .  .  .  .  .  .  .     283    95.93          153           130
 RS Roberto Koelsch (LIB)  .  .  .  .  .  .       8     2.71            4             4
 Jim Chisolm (GRN).  .  .  .  .  .  .  .  .       4     1.36            2             2


Judge, Court of Criminal Appeals, Pl 3
VOTE FOR  1
 Bert Richardson (REP)  .  .  .  .  .  .  .     278    91.45          148           130
 John Granberg (DEM) .  .  .  .  .  .  .  .      21     6.91           14             7
 Mark W. Bennett (LIB)  .  .  .  .  .  .  .       5     1.64            4             1


Judge, Court of Criminal Appeals, Pl 4
VOTE FOR  1
 Kevin Patrick Yeary (REP) .  .  .  .  .  .     269    91.19          143           126
 Quanah Parker (LIB) .  .  .  .  .  .  .  .      22     7.46           13             9
 Judith Sanders-Castro (GRN)  .  .  .  .  .       4     1.36            2             2


Judge, Court of Criminal Appeals, Pl 9
VOTE FOR  1
 David Newell (REP)  .  .  .  .  .  .  .  .     279    94.90          149           130
 William Bryan Strange, III (LIB).  .  .  .      11     3.74            7             4
 George Joseph Altgelt (GRN)  .  .  .  .  .       4     1.36            2             2


State Senator, District 31
VOTE FOR  1
 Kel Seliger (REP).  .  .  .  .  .  .  .  .     275    93.86          149           126
 Steven Gibson (LIB) .  .  .  .  .  .  .  .      18     6.14           10             8


State Representative, District 88
VOTE FOR  1
 Ken King (REP).  .  .  .  .  .  .  .  .  .     279    95.55          149           130
 Kerry McKennon (LIB).  .  .  .  .  .  .  .      13     4.45            7             6


Chief Justice, 7th Court of Appeals Dist
VOTE FOR  1
 Brian Quinn (REP).  .  .  .  .  .  .  .  .     282   100.00          149           133


Criminal DIST Attorney, Yoakum County
VOTE FOR  1
 Bill Helwig (REP).  .  .  .  .  .  .  .  .     284   100.00          150           134


County Judge
VOTE FOR  1
 Jim Barron (REP) .  .  .  .  .  .  .  .  .     286   100.00          153           133PREC REPORT-GROUP DETAIL                           GENERAL AND SPECIAL ELECTION                       UNOFFICIAL
                                                   YOAKUM COUNTY, TEXAS
                                                   NOVEMBER 4, 2014
RUN DATE:11/04/14 08:22 PM                                                                                 REPORT-EL30A PAGE 0001-04

0001 PRECINCT 101
                                        TOTAL VOTES     %   EARLY VOTING  ELECTION DAY

District Clerk
VOTE FOR  1
 Sandra Roblez (REP) .  .  .  .  .  .  .  .     282   100.00          152           130


County Clerk
VOTE FOR  1
 Deborah " Debbie" L. Rushing (REP) .  .  .     286   100.00          153           133


County Treasurer
VOTE FOR  1
 Barbara Wright (REP).  .  .  .  .  .  .  .     288   100.00          154           134


Justice of the Peace, Precinct No. 2
VOTE FOR  1
 Troy Scott (REP) .  .  .  .  .  .  .  .  .     286   100.00          152           134


Constitutional Amendment Election
VOTE FOR  1
 FOR  .  .  .  .  .  .  .  .  .  .  .  .  .     209    81.64          106           103
 AGAINST .  .  .  .  .  .  .  .  .  .  .  .      47    18.36           25            22PREC REPORT-GROUP DETAIL                           GENERAL AND SPECIAL ELECTION                       UNOFFICIAL
                                                   YOAKUM COUNTY, TEXAS
                                                   NOVEMBER 4, 2014
RUN DATE:11/04/14 08:22 PM                                                                                 REPORT-EL30A PAGE 0002-01

0002 PRECINCT 202
                                        TOTAL VOTES     %   EARLY VOTING  ELECTION DAY
 REGISTERED VOTERS - TOTAL .  .  .  .  .  .   1,015
 BALLOTS CAST - TOTAL.  .  .  .  .  .  .  .     294                   156           138
 VOTER TURNOUT - TOTAL  .  .  .  .  .  .  .            28.97


Straight Party
VOTE FOR  1
 REPUBLICAN PARTY (REP) .  .  .  .  .  .  .     169    94.94           89            80
 DEMOCRATIC PARTY (DEM) .  .  .  .  .  .  .       7     3.93            3             4
 LIBERTARIAN PARTY (LIB).  .  .  .  .  .  .       2     1.12            1             1
 GREEN PARTY (GRN).  .  .  .  .  .  .  .  .       0                     0             0


United States Senator
VOTE FOR  1
 John Cornyn (REP).  .  .  .  .  .  .  .  .     273    94.79          146           127
 David M. Alameel (DEM) .  .  .  .  .  .  .      13     4.51            8             5
 Rebecca Paddock (LIB)  .  .  .  .  .  .  .       1      .35            0             1
 Emily "Spicybrown" Sanchez (GRN).  .  .  .       1      .35            1             0
 WRITE-IN.  .  .  .  .  .  .  .  .  .  .  .       0                     0             0


United States Representative District 19
VOTE FOR  1
 Randy Neugebauer (REP) .  .  .  .  .  .  .     270    92.47          140           130
 Neal Marchbanks (DEM)  .  .  .  .  .  .  .      19     6.51           13             6
 Richard (Chip) Peterson (LIB).  .  .  .  .       3     1.03            2             1
 WRITE-IN.  .  .  .  .  .  .  .  .  .  .  .       0                     0             0


Governor
VOTE FOR  1
 Greg Abbott (REP).  .  .  .  .  .  .  .  .     275    93.54          145           130
 Wendy R. Davis (DEM).  .  .  .  .  .  .  .      18     6.12           11             7
 Kathie Glass (LIB)  .  .  .  .  .  .  .  .       1      .34            0             1
 Brandon Parmer (GRN).  .  .  .  .  .  .  .       0                     0             0
 WRITE-IN.  .  .  .  .  .  .  .  .  .  .  .       0                     0             0


Lieutenant Governor
VOTE FOR  1
 Dan Patrick (REP).  .  .  .  .  .  .  .  .     266    92.04          141           125
 Leticia Van de Putte (DEM).  .  .  .  .  .      19     6.57           11             8
 Robert D. Butler (LIB) .  .  .  .  .  .  .       4     1.38            2             2
 Chandrakantha Courtney (GRN) .  .  .  .  .       0                     0             0


Attorney General
VOTE FOR  1
 Ken Paxton (REP) .  .  .  .  .  .  .  .  .     266    91.41          143           123
 Sam Houston (DEM).  .  .  .  .  .  .  .  .      21     7.22           11            10
 Jamie Balagia (LIB) .  .  .  .  .  .  .  .       4     1.37            2             2
 Jamar Osborne (GRN) .  .  .  .  .  .  .  .       0                     0             0PREC REPORT-GROUP DETAIL                           GENERAL AND SPECIAL ELECTION                       UNOFFICIAL
                                                   YOAKUM COUNTY, TEXAS
                                                   NOVEMBER 4, 2014
RUN DATE:11/04/14 08:22 PM                                                                                 REPORT-EL30A PAGE 0002-02

0002 PRECINCT 202
                                        TOTAL VOTES     %   EARLY VOTING  ELECTION DAY

Comptroller of Public Accounts
VOTE FOR  1
 Glenn Hegar (REP).  .  .  .  .  .  .  .  .     265    91.70          140           125
 Mike Collier (DEM)  .  .  .  .  .  .  .  .      18     6.23           12             6
 Ben Sanders (LIB).  .  .  .  .  .  .  .  .       4     1.38            2             2
 Deb Shafto (GRN) .  .  .  .  .  .  .  .  .       2      .69            0             2


Commissioner of the General Land Office
VOTE FOR  1
 George P. Bush (REP).  .  .  .  .  .  .  .     267    91.44          142           125
 John Cook (DEM)  .  .  .  .  .  .  .  .  .      19     6.51           12             7
 Justin Knight (LIB) .  .  .  .  .  .  .  .       5     1.71            2             3
 Valerie Alessi (GRN).  .  .  .  .  .  .  .       1      .34            0             1


Commissioner of Agriculture
VOTE FOR  1
 Sid Miller (REP) .  .  .  .  .  .  .  .  .     261    91.26          140           121
 Jim Hogan (DEM)  .  .  .  .  .  .  .  .  .      20     6.99           12             8
 David (Rocky) Palmquist (LIB).  .  .  .  .       4     1.40            1             3
 Kenneth Kendrick (GRN) .  .  .  .  .  .  .       1      .35            0             1


Railroad Commissioner
VOTE FOR  1
 Ryan Sitton (REP).  .  .  .  .  .  .  .  .     262    91.29          142           120
 Steve Brown (DEM).  .  .  .  .  .  .  .  .      18     6.27           10             8
 Mark A. Miller (LIB).  .  .  .  .  .  .  .       5     1.74            1             4
 Martina Salinas (GRN)  .  .  .  .  .  .  .       2      .70            1             1


Chief Justice, Supreme Court
VOTE FOR  1
 Nathan Hecht (REP)  .  .  .  .  .  .  .  .     259    90.88          137           122
 William Moody (DEM) .  .  .  .  .  .  .  .      22     7.72           14             8
 Tom Oxford (LIB) .  .  .  .  .  .  .  .  .       4     1.40            2             2


Justice, Supreme Court, Place 6
VOTE FOR  1
 Jeff Brown (REP) .  .  .  .  .  .  .  .  .     268    94.37          143           125
 Lawrence Edward Meyers (DEM) .  .  .  .  .      13     4.58            8             5
 Mark Ash (LIB).  .  .  .  .  .  .  .  .  .       3     1.06            1             2


Justice, Supreme Court, Place 7
VOTE FOR  1
 Jeff Boyd (REP)  .  .  .  .  .  .  .  .  .     266    93.66          141           125
 Gina Benavides (DEM).  .  .  .  .  .  .  .      14     4.93            9             5
 Don Fulton (LIB) .  .  .  .  .  .  .  .  .       2      .70            1             1
 Charles E. Waterbury (GRN).  .  .  .  .  .       2      .70            1             1PREC REPORT-GROUP DETAIL                           GENERAL AND SPECIAL ELECTION                       UNOFFICIAL
                                                   YOAKUM COUNTY, TEXAS
                                                   NOVEMBER 4, 2014
RUN DATE:11/04/14 08:22 PM                                                                                 REPORT-EL30A PAGE 0002-03

0002 PRECINCT 202
                                        TOTAL VOTES     %   EARLY VOTING  ELECTION DAY

Justice, Supreme Court, Place 8
VOTE FOR  1
 Phil Johnson (REP)  .  .  .  .  .  .  .  .     269    97.11          143           126
 RS Roberto Koelsch (LIB)  .  .  .  .  .  .       5     1.81            4             1
 Jim Chisolm (GRN).  .  .  .  .  .  .  .  .       3     1.08            2             1


Judge, Court of Criminal Appeals, Pl 3
VOTE FOR  1
 Bert Richardson (REP)  .  .  .  .  .  .  .     264    93.29          139           125
 John Granberg (DEM) .  .  .  .  .  .  .  .      14     4.95            9             5
 Mark W. Bennett (LIB)  .  .  .  .  .  .  .       5     1.77            3             2


Judge, Court of Criminal Appeals, Pl 4
VOTE FOR  1
 Kevin Patrick Yeary (REP) .  .  .  .  .  .     262    94.58          137           125
 Quanah Parker (LIB) .  .  .  .  .  .  .  .      12     4.33            9             3
 Judith Sanders-Castro (GRN)  .  .  .  .  .       3     1.08            3             0


Judge, Court of Criminal Appeals, Pl 9
VOTE FOR  1
 David Newell (REP)  .  .  .  .  .  .  .  .     269    96.76          143           126
 William Bryan Strange, III (LIB).  .  .  .       5     1.80            3             2
 George Joseph Altgelt (GRN)  .  .  .  .  .       4     1.44            3             1


State Senator, District 31
VOTE FOR  1
 Kel Seliger (REP).  .  .  .  .  .  .  .  .     270    95.41          143           127
 Steven Gibson (LIB) .  .  .  .  .  .  .  .      13     4.59            9             4


State Representative, District 88
VOTE FOR  1
 Ken King (REP).  .  .  .  .  .  .  .  .  .     272    96.80          145           127
 Kerry McKennon (LIB).  .  .  .  .  .  .  .       9     3.20            6             3


Chief Justice, 7th Court of Appeals Dist
VOTE FOR  1
 Brian Quinn (REP).  .  .  .  .  .  .  .  .     264   100.00          140           124


Criminal DIST Attorney, Yoakum County
VOTE FOR  1
 Bill Helwig (REP).  .  .  .  .  .  .  .  .     266   100.00          141           125


County Judge
VOTE FOR  1
 Jim Barron (REP) .  .  .  .  .  .  .  .  .     269   100.00          142           127PREC REPORT-GROUP DETAIL                           GENERAL AND SPECIAL ELECTION                       UNOFFICIAL
                                                   YOAKUM COUNTY, TEXAS
                                                   NOVEMBER 4, 2014
RUN DATE:11/04/14 08:22 PM                                                                                 REPORT-EL30A PAGE 0002-04

0002 PRECINCT 202
                                        TOTAL VOTES     %   EARLY VOTING  ELECTION DAY

District Clerk
VOTE FOR  1
 Sandra Roblez (REP) .  .  .  .  .  .  .  .     272   100.00          142           130


County Clerk
VOTE FOR  1
 Deborah " Debbie" L. Rushing (REP) .  .  .     273   100.00          144           129


County Treasurer
VOTE FOR  1
 Barbara Wright (REP).  .  .  .  .  .  .  .     275   100.00          146           129


County Commissioner, Precinct No. 2
VOTE FOR  1
 Ray Marion (REP) .  .  .  .  .  .  .  .  .     273   100.00          146           127


Justice of the Peace, Precinct No. 2
VOTE FOR  1
 Troy Scott (REP) .  .  .  .  .  .  .  .  .     273   100.00          146           127


Constitutional Amendment Election
VOTE FOR  1
 FOR  .  .  .  .  .  .  .  .  .  .  .  .  .     194    82.91          102            92
 AGAINST .  .  .  .  .  .  .  .  .  .  .  .      40    17.09           19            21PREC REPORT-GROUP DETAIL                           GENERAL AND SPECIAL ELECTION                       UNOFFICIAL
                                                   YOAKUM COUNTY, TEXAS
                                                   NOVEMBER 4, 2014
RUN DATE:11/04/14 08:22 PM                                                                                 REPORT-EL30A PAGE 0003-01

0003 PRECINCT 303
                                        TOTAL VOTES     %   EARLY VOTING  ELECTION DAY
 REGISTERED VOTERS - TOTAL .  .  .  .  .  .     536
 BALLOTS CAST - TOTAL.  .  .  .  .  .  .  .     147                    69            78
 VOTER TURNOUT - TOTAL  .  .  .  .  .  .  .            27.43


Straight Party
VOTE FOR  1
 REPUBLICAN PARTY (REP) .  .  .  .  .  .  .      54    91.53           25            29
 DEMOCRATIC PARTY (DEM) .  .  .  .  .  .  .       4     6.78            3             1
 LIBERTARIAN PARTY (LIB).  .  .  .  .  .  .       1     1.69            1             0
 GREEN PARTY (GRN).  .  .  .  .  .  .  .  .       0                     0             0


United States Senator
VOTE FOR  1
 John Cornyn (REP).  .  .  .  .  .  .  .  .     125    88.65           56            69
 David M. Alameel (DEM) .  .  .  .  .  .  .       8     5.67            6             2
 Rebecca Paddock (LIB)  .  .  .  .  .  .  .       7     4.96            4             3
 Emily "Spicybrown" Sanchez (GRN).  .  .  .       1      .71            1             0
 WRITE-IN.  .  .  .  .  .  .  .  .  .  .  .       0                     0             0


United States Representative District 19
VOTE FOR  1
 Randy Neugebauer (REP) .  .  .  .  .  .  .     121    85.82           55            66
 Neal Marchbanks (DEM)  .  .  .  .  .  .  .      16    11.35            9             7
 Richard (Chip) Peterson (LIB).  .  .  .  .       4     2.84            3             1
 WRITE-IN.  .  .  .  .  .  .  .  .  .  .  .       0                     0             0


Governor
VOTE FOR  1
 Greg Abbott (REP).  .  .  .  .  .  .  .  .     135    91.84           60            75
 Wendy R. Davis (DEM).  .  .  .  .  .  .  .      10     6.80            7             3
 Kathie Glass (LIB)  .  .  .  .  .  .  .  .       0                     0             0
 Brandon Parmer (GRN).  .  .  .  .  .  .  .       1      .68            1             0
 WRITE-IN.  .  .  .  .  .  .  .  .  .  .  .       1      .68            1             0


Lieutenant Governor
VOTE FOR  1
 Dan Patrick (REP).  .  .  .  .  .  .  .  .     125    89.29           54            71
 Leticia Van de Putte (DEM).  .  .  .  .  .      11     7.86            9             2
 Robert D. Butler (LIB) .  .  .  .  .  .  .       4     2.86            1             3
 Chandrakantha Courtney (GRN) .  .  .  .  .       0                     0             0


Attorney General
VOTE FOR  1
 Ken Paxton (REP) .  .  .  .  .  .  .  .  .     119    85.61           53            66
 Sam Houston (DEM).  .  .  .  .  .  .  .  .      17    12.23            9             8
 Jamie Balagia (LIB) .  .  .  .  .  .  .  .       2     1.44            1             1
 Jamar Osborne (GRN) .  .  .  .  .  .  .  .       1      .72            0             1PREC REPORT-GROUP DETAIL                           GENERAL AND SPECIAL ELECTION                       UNOFFICIAL
                                                   YOAKUM COUNTY, TEXAS
                                                   NOVEMBER 4, 2014
RUN DATE:11/04/14 08:22 PM                                                                                 REPORT-EL30A PAGE 0003-02

0003 PRECINCT 303
                                        TOTAL VOTES     %   EARLY VOTING  ELECTION DAY

Comptroller of Public Accounts
VOTE FOR  1
 Glenn Hegar (REP).  .  .  .  .  .  .  .  .     114    83.21           51            63
 Mike Collier (DEM)  .  .  .  .  .  .  .  .      15    10.95            9             6
 Ben Sanders (LIB).  .  .  .  .  .  .  .  .       5     3.65            2             3
 Deb Shafto (GRN) .  .  .  .  .  .  .  .  .       3     2.19            3             0


Commissioner of the General Land Office
VOTE FOR  1
 George P. Bush (REP).  .  .  .  .  .  .  .     121    87.05           54            67
 John Cook (DEM)  .  .  .  .  .  .  .  .  .      11     7.91            8             3
 Justin Knight (LIB) .  .  .  .  .  .  .  .       7     5.04            3             4
 Valerie Alessi (GRN).  .  .  .  .  .  .  .       0                     0             0


Commissioner of Agriculture
VOTE FOR  1
 Sid Miller (REP) .  .  .  .  .  .  .  .  .     120    86.96           54            66
 Jim Hogan (DEM)  .  .  .  .  .  .  .  .  .      11     7.97            7             4
 David (Rocky) Palmquist (LIB).  .  .  .  .       6     4.35            2             4
 Kenneth Kendrick (GRN) .  .  .  .  .  .  .       1      .72            0             1


Railroad Commissioner
VOTE FOR  1
 Ryan Sitton (REP).  .  .  .  .  .  .  .  .     114    83.21           52            62
 Steve Brown (DEM).  .  .  .  .  .  .  .  .      12     8.76            7             5
 Mark A. Miller (LIB).  .  .  .  .  .  .  .       7     5.11            1             6
 Martina Salinas (GRN)  .  .  .  .  .  .  .       4     2.92            4             0


Chief Justice, Supreme Court
VOTE FOR  1
 Nathan Hecht (REP)  .  .  .  .  .  .  .  .     115    84.56           51            64
 William Moody (DEM) .  .  .  .  .  .  .  .      15    11.03           12             3
 Tom Oxford (LIB) .  .  .  .  .  .  .  .  .       6     4.41            1             5


Justice, Supreme Court, Place 6
VOTE FOR  1
 Jeff Brown (REP) .  .  .  .  .  .  .  .  .     116    86.57           52            64
 Lawrence Edward Meyers (DEM) .  .  .  .  .      12     8.96            8             4
 Mark Ash (LIB).  .  .  .  .  .  .  .  .  .       6     4.48            2             4


Justice, Supreme Court, Place 7
VOTE FOR  1
 Jeff Boyd (REP)  .  .  .  .  .  .  .  .  .     116    87.22           52            64
 Gina Benavides (DEM).  .  .  .  .  .  .  .      12     9.02            8             4
 Don Fulton (LIB) .  .  .  .  .  .  .  .  .       4     3.01            1             3
 Charles E. Waterbury (GRN).  .  .  .  .  .       1      .75            1             0PREC REPORT-GROUP DETAIL                           GENERAL AND SPECIAL ELECTION                       UNOFFICIAL
                                                   YOAKUM COUNTY, TEXAS
                                                   NOVEMBER 4, 2014
RUN DATE:11/04/14 08:22 PM                                                                                 REPORT-EL30A PAGE 0003-03

0003 PRECINCT 303
                                        TOTAL VOTES     %   EARLY VOTING  ELECTION DAY

Justice, Supreme Court, Place 8
VOTE FOR  1
 Phil Johnson (REP)  .  .  .  .  .  .  .  .     118    90.77           52            66
 RS Roberto Koelsch (LIB)  .  .  .  .  .  .       8     6.15            4             4
 Jim Chisolm (GRN).  .  .  .  .  .  .  .  .       4     3.08            4             0


Judge, Court of Criminal Appeals, Pl 3
VOTE FOR  1
 Bert Richardson (REP)  .  .  .  .  .  .  .     112    84.21           48            64
 John Granberg (DEM) .  .  .  .  .  .  .  .      14    10.53           10             4
 Mark W. Bennett (LIB)  .  .  .  .  .  .  .       7     5.26            3             4


Judge, Court of Criminal Appeals, Pl 4
VOTE FOR  1
 Kevin Patrick Yeary (REP) .  .  .  .  .  .     117    92.13           54            63
 Quanah Parker (LIB) .  .  .  .  .  .  .  .       8     6.30            3             5
 Judith Sanders-Castro (GRN)  .  .  .  .  .       2     1.57            1             1


Judge, Court of Criminal Appeals, Pl 9
VOTE FOR  1
 David Newell (REP)  .  .  .  .  .  .  .  .     118    92.91           52            66
 William Bryan Strange, III (LIB).  .  .  .       7     5.51            4             3
 George Joseph Altgelt (GRN)  .  .  .  .  .       2     1.57            2             0


State Senator, District 31
VOTE FOR  1
 Kel Seliger (REP).  .  .  .  .  .  .  .  .     119    88.81           54            65
 Steven Gibson (LIB) .  .  .  .  .  .  .  .      15    11.19            8             7


State Representative, District 88
VOTE FOR  1
 Ken King (REP).  .  .  .  .  .  .  .  .  .     118    91.47           54            64
 Kerry McKennon (LIB).  .  .  .  .  .  .  .      11     8.53            6             5


Chief Justice, 7th Court of Appeals Dist
VOTE FOR  1
 Brian Quinn (REP).  .  .  .  .  .  .  .  .     111   100.00           47            64


Criminal DIST Attorney, Yoakum County
VOTE FOR  1
 Bill Helwig (REP).  .  .  .  .  .  .  .  .     119   100.00           55            64


County Judge
VOTE FOR  1
 Jim Barron (REP) .  .  .  .  .  .  .  .  .     127   100.00           57            70PREC REPORT-GROUP DETAIL                           GENERAL AND SPECIAL ELECTION                       UNOFFICIAL
                                                   YOAKUM COUNTY, TEXAS
                                                   NOVEMBER 4, 2014
RUN DATE:11/04/14 08:22 PM                                                                                 REPORT-EL30A PAGE 0003-04

0003 PRECINCT 303
                                        TOTAL VOTES     %   EARLY VOTING  ELECTION DAY

District Clerk
VOTE FOR  1
 Sandra Roblez (REP) .  .  .  .  .  .  .  .     121   100.00           54            67


County Clerk
VOTE FOR  1
 Deborah " Debbie" L. Rushing (REP) .  .  .     128   100.00           61            67


County Treasurer
VOTE FOR  1
 Barbara Wright (REP).  .  .  .  .  .  .  .     122   100.00           56            66


Justice of the Peace, Precinct No. 1
VOTE FOR  1
 Marc Traweek (REP)  .  .  .  .  .  .  .  .     123   100.00           54            69


Constitutional Amendment Election
VOTE FOR  1
 FOR  .  .  .  .  .  .  .  .  .  .  .  .  .      97    80.17           49            48
 AGAINST .  .  .  .  .  .  .  .  .  .  .  .      24    19.83            9            15PREC REPORT-GROUP DETAIL                           GENERAL AND SPECIAL ELECTION                       UNOFFICIAL
                                                   YOAKUM COUNTY, TEXAS
                                                   NOVEMBER 4, 2014
RUN DATE:11/04/14 08:22 PM                                                                                 REPORT-EL30A PAGE 0004-01

0004 PRECINCT 404
                                        TOTAL VOTES     %   EARLY VOTING  ELECTION DAY
 REGISTERED VOTERS - TOTAL .  .  .  .  .  .     598
 BALLOTS CAST - TOTAL.  .  .  .  .  .  .  .     232                   129           103
 VOTER TURNOUT - TOTAL  .  .  .  .  .  .  .            38.80


Straight Party
VOTE FOR  1
 REPUBLICAN PARTY (REP) .  .  .  .  .  .  .      86    91.49           40            46
 DEMOCRATIC PARTY (DEM) .  .  .  .  .  .  .       8     8.51            7             1
 LIBERTARIAN PARTY (LIB).  .  .  .  .  .  .       0                     0             0
 GREEN PARTY (GRN).  .  .  .  .  .  .  .  .       0                     0             0


United States Senator
VOTE FOR  1
 John Cornyn (REP).  .  .  .  .  .  .  .  .     199    89.64          109            90
 David M. Alameel (DEM) .  .  .  .  .  .  .      19     8.56           12             7
 Rebecca Paddock (LIB)  .  .  .  .  .  .  .       2      .90            1             1
 Emily "Spicybrown" Sanchez (GRN).  .  .  .       2      .90            0             2
 WRITE-IN.  .  .  .  .  .  .  .  .  .  .  .       0                     0             0


United States Representative District 19
VOTE FOR  1
 Randy Neugebauer (REP) .  .  .  .  .  .  .     188    85.07          101            87
 Neal Marchbanks (DEM)  .  .  .  .  .  .  .      27    12.22           17            10
 Richard (Chip) Peterson (LIB).  .  .  .  .       6     2.71            3             3
 WRITE-IN.  .  .  .  .  .  .  .  .  .  .  .       0                     0             0


Governor
VOTE FOR  1
 Greg Abbott (REP).  .  .  .  .  .  .  .  .     207    90.39          110            97
 Wendy R. Davis (DEM).  .  .  .  .  .  .  .      21     9.17           15             6
 Kathie Glass (LIB)  .  .  .  .  .  .  .  .       1      .44            1             0
 Brandon Parmer (GRN).  .  .  .  .  .  .  .       0                     0             0
 WRITE-IN.  .  .  .  .  .  .  .  .  .  .  .       0                     0             0


Lieutenant Governor
VOTE FOR  1
 Dan Patrick (REP).  .  .  .  .  .  .  .  .     187    83.86          100            87
 Leticia Van de Putte (DEM).  .  .  .  .  .      32    14.35           20            12
 Robert D. Butler (LIB) .  .  .  .  .  .  .       4     1.79            4             0
 Chandrakantha Courtney (GRN) .  .  .  .  .       0                     0             0


Attorney General
VOTE FOR  1
 Ken Paxton (REP) .  .  .  .  .  .  .  .  .     183    83.56          105            78
 Sam Houston (DEM).  .  .  .  .  .  .  .  .      35    15.98           19            16
 Jamie Balagia (LIB) .  .  .  .  .  .  .  .       1      .46            0             1
 Jamar Osborne (GRN) .  .  .  .  .  .  .  .       0                     0             0PREC REPORT-GROUP DETAIL                           GENERAL AND SPECIAL ELECTION                       UNOFFICIAL
                                                   YOAKUM COUNTY, TEXAS
                                                   NOVEMBER 4, 2014
RUN DATE:11/04/14 08:22 PM                                                                                 REPORT-EL30A PAGE 0004-02

0004 PRECINCT 404
                                        TOTAL VOTES     %   EARLY VOTING  ELECTION DAY

Comptroller of Public Accounts
VOTE FOR  1
 Glenn Hegar (REP).  .  .  .  .  .  .  .  .     163    78.37           89            74
 Mike Collier (DEM)  .  .  .  .  .  .  .  .      39    18.75           19            20
 Ben Sanders (LIB).  .  .  .  .  .  .  .  .       6     2.88            6             0
 Deb Shafto (GRN) .  .  .  .  .  .  .  .  .       0                     0             0


Commissioner of the General Land Office
VOTE FOR  1
 George P. Bush (REP).  .  .  .  .  .  .  .     189    85.52          103            86
 John Cook (DEM)  .  .  .  .  .  .  .  .  .      27    12.22           16            11
 Justin Knight (LIB) .  .  .  .  .  .  .  .       4     1.81            3             1
 Valerie Alessi (GRN).  .  .  .  .  .  .  .       1      .45            1             0


Commissioner of Agriculture
VOTE FOR  1
 Sid Miller (REP) .  .  .  .  .  .  .  .  .     168    80.38           87            81
 Jim Hogan (DEM)  .  .  .  .  .  .  .  .  .      35    16.75           24            11
 David (Rocky) Palmquist (LIB).  .  .  .  .       2      .96            1             1
 Kenneth Kendrick (GRN) .  .  .  .  .  .  .       4     1.91            2             2


Railroad Commissioner
VOTE FOR  1
 Ryan Sitton (REP).  .  .  .  .  .  .  .  .     171    81.82           91            80
 Steve Brown (DEM).  .  .  .  .  .  .  .  .      27    12.92           18             9
 Mark A. Miller (LIB).  .  .  .  .  .  .  .       7     3.35            7             0
 Martina Salinas (GRN)  .  .  .  .  .  .  .       4     1.91            0             4


Chief Justice, Supreme Court
VOTE FOR  1
 Nathan Hecht (REP)  .  .  .  .  .  .  .  .     163    84.02           87            76
 William Moody (DEM) .  .  .  .  .  .  .  .      29    14.95           14            15
 Tom Oxford (LIB) .  .  .  .  .  .  .  .  .       2     1.03            2             0


Justice, Supreme Court, Place 6
VOTE FOR  1
 Jeff Brown (REP) .  .  .  .  .  .  .  .  .     161    85.64           83            78
 Lawrence Edward Meyers (DEM) .  .  .  .  .      22    11.70           14             8
 Mark Ash (LIB).  .  .  .  .  .  .  .  .  .       5     2.66            3             2


Justice, Supreme Court, Place 7
VOTE FOR  1
 Jeff Boyd (REP)  .  .  .  .  .  .  .  .  .     158    84.04           81            77
 Gina Benavides (DEM).  .  .  .  .  .  .  .      23    12.23           13            10
 Don Fulton (LIB) .  .  .  .  .  .  .  .  .       6     3.19            5             1
 Charles E. Waterbury (GRN).  .  .  .  .  .       1      .53            1             0PREC REPORT-GROUP DETAIL                           GENERAL AND SPECIAL ELECTION                       UNOFFICIAL
                                                   YOAKUM COUNTY, TEXAS
                                                   NOVEMBER 4, 2014
RUN DATE:11/04/14 08:22 PM                                                                                 REPORT-EL30A PAGE 0004-03

0004 PRECINCT 404
                                        TOTAL VOTES     %   EARLY VOTING  ELECTION DAY

Justice, Supreme Court, Place 8
VOTE FOR  1
 Phil Johnson (REP)  .  .  .  .  .  .  .  .     170    94.97           88            82
 RS Roberto Koelsch (LIB)  .  .  .  .  .  .       6     3.35            4             2
 Jim Chisolm (GRN).  .  .  .  .  .  .  .  .       3     1.68            1             2


Judge, Court of Criminal Appeals, Pl 3
VOTE FOR  1
 Bert Richardson (REP)  .  .  .  .  .  .  .     152    83.06           80            72
 John Granberg (DEM) .  .  .  .  .  .  .  .      26    14.21           13            13
 Mark W. Bennett (LIB)  .  .  .  .  .  .  .       5     2.73            4             1


Judge, Court of Criminal Appeals, Pl 4
VOTE FOR  1
 Kevin Patrick Yeary (REP) .  .  .  .  .  .     164    91.11           88            76
 Quanah Parker (LIB) .  .  .  .  .  .  .  .      13     7.22            6             7
 Judith Sanders-Castro (GRN)  .  .  .  .  .       3     1.67            0             3


Judge, Court of Criminal Appeals, Pl 9
VOTE FOR  1
 David Newell (REP)  .  .  .  .  .  .  .  .     167    94.89           86            81
 William Bryan Strange, III (LIB).  .  .  .       7     3.98            5             2
 George Joseph Altgelt (GRN)  .  .  .  .  .       2     1.14            0             2


State Senator, District 31
VOTE FOR  1
 Kel Seliger (REP).  .  .  .  .  .  .  .  .     181    93.30           97            84
 Steven Gibson (LIB) .  .  .  .  .  .  .  .      13     6.70            8             5


State Representative, District 88
VOTE FOR  1
 Ken King (REP).  .  .  .  .  .  .  .  .  .     180    94.24           99            81
 Kerry McKennon (LIB).  .  .  .  .  .  .  .      11     5.76            5             6


Chief Justice, 7th Court of Appeals Dist
VOTE FOR  1
 Brian Quinn (REP).  .  .  .  .  .  .  .  .     169   100.00           86            83


Criminal DIST Attorney, Yoakum County
VOTE FOR  1
 Bill Helwig (REP).  .  .  .  .  .  .  .  .     185   100.00          101            84


County Judge
VOTE FOR  1
 Jim Barron (REP) .  .  .  .  .  .  .  .  .     193   100.00          105            88PREC REPORT-GROUP DETAIL                           GENERAL AND SPECIAL ELECTION                       UNOFFICIAL
                                                   YOAKUM COUNTY, TEXAS
                                                   NOVEMBER 4, 2014
RUN DATE:11/04/14 08:22 PM                                                                                 REPORT-EL30A PAGE 0004-04

0004 PRECINCT 404
                                        TOTAL VOTES     %   EARLY VOTING  ELECTION DAY

District Clerk
VOTE FOR  1
 Sandra Roblez (REP) .  .  .  .  .  .  .  .     190   100.00          100            90


County Clerk
VOTE FOR  1
 Deborah " Debbie" L. Rushing (REP) .  .  .     200   100.00          109            91


County Treasurer
VOTE FOR  1
 Barbara Wright (REP).  .  .  .  .  .  .  .     194   100.00          102            92


County Commissioner, Precinct No. 4
VOTE FOR  1
 Tim Addison (REP).  .  .  .  .  .  .  .  .     191   100.00          103            88


Justice of the Peace, Precinct No. 1
VOTE FOR  1
 Marc Traweek (REP)  .  .  .  .  .  .  .  .     204   100.00          110            94


Constitutional Amendment Election
VOTE FOR  1
 FOR  .  .  .  .  .  .  .  .  .  .  .  .  .     149    84.18           94            55
 AGAINST .  .  .  .  .  .  .  .  .  .  .  .      28    15.82           17            11PREC REPORT-GROUP DETAIL                           GENERAL AND SPECIAL ELECTION                       UNOFFICIAL
                                                   YOAKUM COUNTY, TEXAS
                                                   NOVEMBER 4, 2014
RUN DATE:11/04/14 08:22 PM                                                                                 REPORT-EL30A PAGE 0005-01

0005 PRECINCT 305
                                        TOTAL VOTES     %   EARLY VOTING  ELECTION DAY
 REGISTERED VOTERS - TOTAL .  .  .  .  .  .     348
 BALLOTS CAST - TOTAL.  .  .  .  .  .  .  .      67                    28            39
 VOTER TURNOUT - TOTAL  .  .  .  .  .  .  .            19.25


Straight Party
VOTE FOR  1
 REPUBLICAN PARTY (REP) .  .  .  .  .  .  .      37    78.72           17            20
 DEMOCRATIC PARTY (DEM) .  .  .  .  .  .  .       8    17.02            3             5
 LIBERTARIAN PARTY (LIB).  .  .  .  .  .  .       1     2.13            1             0
 GREEN PARTY (GRN).  .  .  .  .  .  .  .  .       1     2.13            1             0


United States Senator
VOTE FOR  1
 John Cornyn (REP).  .  .  .  .  .  .  .  .      55    82.09           22            33
 David M. Alameel (DEM) .  .  .  .  .  .  .       9    13.43            4             5
 Rebecca Paddock (LIB)  .  .  .  .  .  .  .       1     1.49            1             0
 Emily "Spicybrown" Sanchez (GRN).  .  .  .       2     2.99            1             1
 WRITE-IN.  .  .  .  .  .  .  .  .  .  .  .       0                     0             0


United States Representative District 19
VOTE FOR  1
 Randy Neugebauer (REP) .  .  .  .  .  .  .      56    83.58           23            33
 Neal Marchbanks (DEM)  .  .  .  .  .  .  .      10    14.93            4             6
 Richard (Chip) Peterson (LIB).  .  .  .  .       1     1.49            1             0
 WRITE-IN.  .  .  .  .  .  .  .  .  .  .  .       0                     0             0


Governor
VOTE FOR  1
 Greg Abbott (REP).  .  .  .  .  .  .  .  .      55    82.09           23            32
 Wendy R. Davis (DEM).  .  .  .  .  .  .  .      10    14.93            4             6
 Kathie Glass (LIB)  .  .  .  .  .  .  .  .       2     2.99            1             1
 Brandon Parmer (GRN).  .  .  .  .  .  .  .       0                     0             0
 WRITE-IN.  .  .  .  .  .  .  .  .  .  .  .       0                     0             0


Lieutenant Governor
VOTE FOR  1
 Dan Patrick (REP).  .  .  .  .  .  .  .  .      54    81.82           22            32
 Leticia Van de Putte (DEM).  .  .  .  .  .      11    16.67            5             6
 Robert D. Butler (LIB) .  .  .  .  .  .  .       1     1.52            1             0
 Chandrakantha Courtney (GRN) .  .  .  .  .       0                     0             0


Attorney General
VOTE FOR  1
 Ken Paxton (REP) .  .  .  .  .  .  .  .  .      52    78.79           21            31
 Sam Houston (DEM).  .  .  .  .  .  .  .  .      13    19.70            5             8
 Jamie Balagia (LIB) .  .  .  .  .  .  .  .       1     1.52            1             0
 Jamar Osborne (GRN) .  .  .  .  .  .  .  .       0                     0             0PREC REPORT-GROUP DETAIL                           GENERAL AND SPECIAL ELECTION                       UNOFFICIAL
                                                   YOAKUM COUNTY, TEXAS
                                                   NOVEMBER 4, 2014
RUN DATE:11/04/14 08:22 PM                                                                                 REPORT-EL30A PAGE 0005-02

0005 PRECINCT 305
                                        TOTAL VOTES     %   EARLY VOTING  ELECTION DAY

Comptroller of Public Accounts
VOTE FOR  1
 Glenn Hegar (REP).  .  .  .  .  .  .  .  .      50    76.92           21            29
 Mike Collier (DEM)  .  .  .  .  .  .  .  .      12    18.46            4             8
 Ben Sanders (LIB).  .  .  .  .  .  .  .  .       2     3.08            1             1
 Deb Shafto (GRN) .  .  .  .  .  .  .  .  .       1     1.54            0             1


Commissioner of the General Land Office
VOTE FOR  1
 George P. Bush (REP).  .  .  .  .  .  .  .      53    79.10           23            30
 John Cook (DEM)  .  .  .  .  .  .  .  .  .      11    16.42            4             7
 Justin Knight (LIB) .  .  .  .  .  .  .  .       3     4.48            1             2
 Valerie Alessi (GRN).  .  .  .  .  .  .  .       0                     0             0


Commissioner of Agriculture
VOTE FOR  1
 Sid Miller (REP) .  .  .  .  .  .  .  .  .      52    78.79           22            30
 Jim Hogan (DEM)  .  .  .  .  .  .  .  .  .      11    16.67            4             7
 David (Rocky) Palmquist (LIB).  .  .  .  .       3     4.55            1             2
 Kenneth Kendrick (GRN) .  .  .  .  .  .  .       0                     0             0


Railroad Commissioner
VOTE FOR  1
 Ryan Sitton (REP).  .  .  .  .  .  .  .  .      51    78.46           21            30
 Steve Brown (DEM).  .  .  .  .  .  .  .  .      11    16.92            4             7
 Mark A. Miller (LIB).  .  .  .  .  .  .  .       2     3.08            1             1
 Martina Salinas (GRN)  .  .  .  .  .  .  .       1     1.54            1             0


Chief Justice, Supreme Court
VOTE FOR  1
 Nathan Hecht (REP)  .  .  .  .  .  .  .  .      54    81.82           22            32
 William Moody (DEM) .  .  .  .  .  .  .  .      11    16.67            4             7
 Tom Oxford (LIB) .  .  .  .  .  .  .  .  .       1     1.52            1             0


Justice, Supreme Court, Place 6
VOTE FOR  1
 Jeff Brown (REP) .  .  .  .  .  .  .  .  .      54    84.38           21            33
 Lawrence Edward Meyers (DEM) .  .  .  .  .       8    12.50            3             5
 Mark Ash (LIB).  .  .  .  .  .  .  .  .  .       2     3.13            1             1


Justice, Supreme Court, Place 7
VOTE FOR  1
 Jeff Boyd (REP)  .  .  .  .  .  .  .  .  .      51    78.46           21            30
 Gina Benavides (DEM).  .  .  .  .  .  .  .      12    18.46            4             8
 Don Fulton (LIB) .  .  .  .  .  .  .  .  .       2     3.08            1             1
 Charles E. Waterbury (GRN).  .  .  .  .  .       0                     0             0PREC REPORT-GROUP DETAIL                           GENERAL AND SPECIAL ELECTION                       UNOFFICIAL
                                                   YOAKUM COUNTY, TEXAS
                                                   NOVEMBER 4, 2014
RUN DATE:11/04/14 08:22 PM                                                                                 REPORT-EL30A PAGE 0005-03

0005 PRECINCT 305
                                        TOTAL VOTES     %   EARLY VOTING  ELECTION DAY

Justice, Supreme Court, Place 8
VOTE FOR  1
 Phil Johnson (REP)  .  .  .  .  .  .  .  .      54    91.53           21            33
 RS Roberto Koelsch (LIB)  .  .  .  .  .  .       3     5.08            1             2
 Jim Chisolm (GRN).  .  .  .  .  .  .  .  .       2     3.39            1             1


Judge, Court of Criminal Appeals, Pl 3
VOTE FOR  1
 Bert Richardson (REP)  .  .  .  .  .  .  .      50    78.13           20            30
 John Granberg (DEM) .  .  .  .  .  .  .  .      11    17.19            4             7
 Mark W. Bennett (LIB)  .  .  .  .  .  .  .       3     4.69            1             2


Judge, Court of Criminal Appeals, Pl 4
VOTE FOR  1
 Kevin Patrick Yeary (REP) .  .  .  .  .  .      51    87.93           19            32
 Quanah Parker (LIB) .  .  .  .  .  .  .  .       6    10.34            2             4
 Judith Sanders-Castro (GRN)  .  .  .  .  .       1     1.72            1             0


Judge, Court of Criminal Appeals, Pl 9
VOTE FOR  1
 David Newell (REP)  .  .  .  .  .  .  .  .      53    89.83           21            32
 William Bryan Strange, III (LIB).  .  .  .       4     6.78            2             2
 George Joseph Altgelt (GRN)  .  .  .  .  .       2     3.39            0             2


State Senator, District 31
VOTE FOR  1
 Kel Seliger (REP).  .  .  .  .  .  .  .  .      56    94.92           21            35
 Steven Gibson (LIB) .  .  .  .  .  .  .  .       3     5.08            2             1


State Representative, District 88
VOTE FOR  1
 Ken King (REP).  .  .  .  .  .  .  .  .  .      57    96.61           22            35
 Kerry McKennon (LIB).  .  .  .  .  .  .  .       2     3.39            1             1


Chief Justice, 7th Court of Appeals Dist
VOTE FOR  1
 Brian Quinn (REP).  .  .  .  .  .  .  .  .      56   100.00           21            35


Criminal DIST Attorney, Yoakum County
VOTE FOR  1
 Bill Helwig (REP).  .  .  .  .  .  .  .  .      60   100.00           24            36


County Judge
VOTE FOR  1
 Jim Barron (REP) .  .  .  .  .  .  .  .  .      59   100.00           24            35PREC REPORT-GROUP DETAIL                           GENERAL AND SPECIAL ELECTION                       UNOFFICIAL
                                                   YOAKUM COUNTY, TEXAS
                                                   NOVEMBER 4, 2014
RUN DATE:11/04/14 08:22 PM                                                                                 REPORT-EL30A PAGE 0005-04

0005 PRECINCT 305
                                        TOTAL VOTES     %   EARLY VOTING  ELECTION DAY

District Clerk
VOTE FOR  1
 Sandra Roblez (REP) .  .  .  .  .  .  .  .      60   100.00           24            36


County Clerk
VOTE FOR  1
 Deborah " Debbie" L. Rushing (REP) .  .  .      59   100.00           24            35


County Treasurer
VOTE FOR  1
 Barbara Wright (REP).  .  .  .  .  .  .  .      59   100.00           24            35


Justice of the Peace, Precinct No. 2
VOTE FOR  1
 Troy Scott (REP) .  .  .  .  .  .  .  .  .      58   100.00           24            34


Constitutional Amendment Election
VOTE FOR  1
 FOR  .  .  .  .  .  .  .  .  .  .  .  .  .      44    89.80           19            25
 AGAINST .  .  .  .  .  .  .  .  .  .  .  .       5    10.20            2             3PREC REPORT-GROUP DETAIL                           GENERAL AND SPECIAL ELECTION                       UNOFFICIAL
                                                   YOAKUM COUNTY, TEXAS
                                                   NOVEMBER 4, 2014
RUN DATE:11/04/14 08:22 PM                                                                                 REPORT-EL30A PAGE 0006-01

0006 PRECINCT 406
                                        TOTAL VOTES     %   EARLY VOTING  ELECTION DAY
 REGISTERED VOTERS - TOTAL .  .  .  .  .  .     497
 BALLOTS CAST - TOTAL.  .  .  .  .  .  .  .     102                    62            40
 VOTER TURNOUT - TOTAL  .  .  .  .  .  .  .            20.52


Straight Party
VOTE FOR  1
 REPUBLICAN PARTY (REP) .  .  .  .  .  .  .      50    90.91           33            17
 DEMOCRATIC PARTY (DEM) .  .  .  .  .  .  .       5     9.09            2             3
 LIBERTARIAN PARTY (LIB).  .  .  .  .  .  .       0                     0             0
 GREEN PARTY (GRN).  .  .  .  .  .  .  .  .       0                     0             0


United States Senator
VOTE FOR  1
 John Cornyn (REP).  .  .  .  .  .  .  .  .      79    80.61           51            28
 David M. Alameel (DEM) .  .  .  .  .  .  .      11    11.22            8             3
 Rebecca Paddock (LIB)  .  .  .  .  .  .  .       5     5.10            0             5
 Emily "Spicybrown" Sanchez (GRN).  .  .  .       3     3.06            0             3
 WRITE-IN.  .  .  .  .  .  .  .  .  .  .  .       0                     0             0


United States Representative District 19
VOTE FOR  1
 Randy Neugebauer (REP) .  .  .  .  .  .  .      81    80.20           50            31
 Neal Marchbanks (DEM)  .  .  .  .  .  .  .      14    13.86            9             5
 Richard (Chip) Peterson (LIB).  .  .  .  .       6     5.94            2             4
 WRITE-IN.  .  .  .  .  .  .  .  .  .  .  .       0                     0             0


Governor
VOTE FOR  1
 Greg Abbott (REP).  .  .  .  .  .  .  .  .      86    84.31           53            33
 Wendy R. Davis (DEM).  .  .  .  .  .  .  .      14    13.73            7             7
 Kathie Glass (LIB)  .  .  .  .  .  .  .  .       1      .98            1             0
 Brandon Parmer (GRN).  .  .  .  .  .  .  .       1      .98            1             0
 WRITE-IN.  .  .  .  .  .  .  .  .  .  .  .       0                     0             0


Lieutenant Governor
VOTE FOR  1
 Dan Patrick (REP).  .  .  .  .  .  .  .  .      87    86.14           54            33
 Leticia Van de Putte (DEM).  .  .  .  .  .      13    12.87            8             5
 Robert D. Butler (LIB) .  .  .  .  .  .  .       1      .99            0             1
 Chandrakantha Courtney (GRN) .  .  .  .  .       0                     0             0


Attorney General
VOTE FOR  1
 Ken Paxton (REP) .  .  .  .  .  .  .  .  .      85    83.33           53            32
 Sam Houston (DEM).  .  .  .  .  .  .  .  .      14    13.73            9             5
 Jamie Balagia (LIB) .  .  .  .  .  .  .  .       3     2.94            0             3
 Jamar Osborne (GRN) .  .  .  .  .  .  .  .       0                     0             0PREC REPORT-GROUP DETAIL                           GENERAL AND SPECIAL ELECTION                       UNOFFICIAL
                                                   YOAKUM COUNTY, TEXAS
                                                   NOVEMBER 4, 2014
RUN DATE:11/04/14 08:22 PM                                                                                 REPORT-EL30A PAGE 0006-02

0006 PRECINCT 406
                                        TOTAL VOTES     %   EARLY VOTING  ELECTION DAY

Comptroller of Public Accounts
VOTE FOR  1
 Glenn Hegar (REP).  .  .  .  .  .  .  .  .      79    79.00           48            31
 Mike Collier (DEM)  .  .  .  .  .  .  .  .      16    16.00           11             5
 Ben Sanders (LIB).  .  .  .  .  .  .  .  .       5     5.00            2             3
 Deb Shafto (GRN) .  .  .  .  .  .  .  .  .       0                     0             0


Commissioner of the General Land Office
VOTE FOR  1
 George P. Bush (REP).  .  .  .  .  .  .  .      85    85.00           55            30
 John Cook (DEM)  .  .  .  .  .  .  .  .  .      10    10.00            6             4
 Justin Knight (LIB) .  .  .  .  .  .  .  .       4     4.00            0             4
 Valerie Alessi (GRN).  .  .  .  .  .  .  .       1     1.00            0             1


Commissioner of Agriculture
VOTE FOR  1
 Sid Miller (REP) .  .  .  .  .  .  .  .  .      81    80.20           49            32
 Jim Hogan (DEM)  .  .  .  .  .  .  .  .  .      14    13.86           11             3
 David (Rocky) Palmquist (LIB).  .  .  .  .       3     2.97            0             3
 Kenneth Kendrick (GRN) .  .  .  .  .  .  .       3     2.97            2             1


Railroad Commissioner
VOTE FOR  1
 Ryan Sitton (REP).  .  .  .  .  .  .  .  .      80    80.81           49            31
 Steve Brown (DEM).  .  .  .  .  .  .  .  .      16    16.16           11             5
 Mark A. Miller (LIB).  .  .  .  .  .  .  .       2     2.02            0             2
 Martina Salinas (GRN)  .  .  .  .  .  .  .       1     1.01            0             1


Chief Justice, Supreme Court
VOTE FOR  1
 Nathan Hecht (REP)  .  .  .  .  .  .  .  .      81    82.65           50            31
 William Moody (DEM) .  .  .  .  .  .  .  .      15    15.31            9             6
 Tom Oxford (LIB) .  .  .  .  .  .  .  .  .       2     2.04            1             1


Justice, Supreme Court, Place 6
VOTE FOR  1
 Jeff Brown (REP) .  .  .  .  .  .  .  .  .      84    85.71           51            33
 Lawrence Edward Meyers (DEM) .  .  .  .  .      10    10.20            6             4
 Mark Ash (LIB).  .  .  .  .  .  .  .  .  .       4     4.08            3             1


Justice, Supreme Court, Place 7
VOTE FOR  1
 Jeff Boyd (REP)  .  .  .  .  .  .  .  .  .      81    82.65           51            30
 Gina Benavides (DEM).  .  .  .  .  .  .  .      13    13.27            7             6
 Don Fulton (LIB) .  .  .  .  .  .  .  .  .       4     4.08            2             2
 Charles E. Waterbury (GRN).  .  .  .  .  .       0                     0             0PREC REPORT-GROUP DETAIL                           GENERAL AND SPECIAL ELECTION                       UNOFFICIAL
                                                   YOAKUM COUNTY, TEXAS
                                                   NOVEMBER 4, 2014
RUN DATE:11/04/14 08:22 PM                                                                                 REPORT-EL30A PAGE 0006-03

0006 PRECINCT 406
                                        TOTAL VOTES     %   EARLY VOTING  ELECTION DAY

Justice, Supreme Court, Place 8
VOTE FOR  1
 Phil Johnson (REP)  .  .  .  .  .  .  .  .      88    95.65           55            33
 RS Roberto Koelsch (LIB)  .  .  .  .  .  .       4     4.35            2             2
 Jim Chisolm (GRN).  .  .  .  .  .  .  .  .       0                     0             0


Judge, Court of Criminal Appeals, Pl 3
VOTE FOR  1
 Bert Richardson (REP)  .  .  .  .  .  .  .      82    83.67           50            32
 John Granberg (DEM) .  .  .  .  .  .  .  .      12    12.24            7             5
 Mark W. Bennett (LIB)  .  .  .  .  .  .  .       4     4.08            3             1


Judge, Court of Criminal Appeals, Pl 4
VOTE FOR  1
 Kevin Patrick Yeary (REP) .  .  .  .  .  .      82    88.17           52            30
 Quanah Parker (LIB) .  .  .  .  .  .  .  .       9     9.68            5             4
 Judith Sanders-Castro (GRN)  .  .  .  .  .       2     2.15            1             1


Judge, Court of Criminal Appeals, Pl 9
VOTE FOR  1
 David Newell (REP)  .  .  .  .  .  .  .  .      87    93.55           55            32
 William Bryan Strange, III (LIB).  .  .  .       5     5.38            3             2
 George Joseph Altgelt (GRN)  .  .  .  .  .       1     1.08            0             1


State Senator, District 31
VOTE FOR  1
 Kel Seliger (REP).  .  .  .  .  .  .  .  .      85    89.47           53            32
 Steven Gibson (LIB) .  .  .  .  .  .  .  .      10    10.53            6             4


State Representative, District 88
VOTE FOR  1
 Ken King (REP).  .  .  .  .  .  .  .  .  .      86    91.49           54            32
 Kerry McKennon (LIB).  .  .  .  .  .  .  .       8     8.51            4             4


Chief Justice, 7th Court of Appeals Dist
VOTE FOR  1
 Brian Quinn (REP).  .  .  .  .  .  .  .  .      89   100.00           55            34


Criminal DIST Attorney, Yoakum County
VOTE FOR  1
 Bill Helwig (REP).  .  .  .  .  .  .  .  .      91   100.00           57            34


County Judge
VOTE FOR  1
 Jim Barron (REP) .  .  .  .  .  .  .  .  .      88   100.00           53            35PREC REPORT-GROUP DETAIL                           GENERAL AND SPECIAL ELECTION                       UNOFFICIAL
                                                   YOAKUM COUNTY, TEXAS
                                                   NOVEMBER 4, 2014
RUN DATE:11/04/14 08:22 PM                                                                                 REPORT-EL30A PAGE 0006-04

0006 PRECINCT 406
                                        TOTAL VOTES     %   EARLY VOTING  ELECTION DAY

District Clerk
VOTE FOR  1
 Sandra Roblez (REP) .  .  .  .  .  .  .  .      89   100.00           55            34


County Clerk
VOTE FOR  1
 Deborah " Debbie" L. Rushing (REP) .  .  .      94   100.00           58            36


County Treasurer
VOTE FOR  1
 Barbara Wright (REP).  .  .  .  .  .  .  .      93   100.00           57            36


County Commissioner, Precinct No. 4
VOTE FOR  1
 Tim Addison (REP).  .  .  .  .  .  .  .  .      93   100.00           58            35


Justice of the Peace, Precinct No. 2
VOTE FOR  1
 Troy Scott (REP) .  .  .  .  .  .  .  .  .      94   100.00           58            36


Constitutional Amendment Election
VOTE FOR  1
 FOR  .  .  .  .  .  .  .  .  .  .  .  .  .      72    88.89           39            33
 AGAINST .  .  .  .  .  .  .  .  .  .  .  .       9    11.11            7             2
E