E&l2a0o7c067F(s0p16.66h3b6T&a00L
PREC REPORT-GROUP DETAIL                           STONEWALL COUNTY, TEXAS                                 REPORT-EL30A PAGE 0001-01
                                                   2012 PRIMARY RUNOFF ELECTION
                                                   JULY 31, 2012
RUN DATE:07/31/12 09:56 PM                         STATISTICS

0001 DEM PRECINCT #1 REP COUNTYWIDE
                                        TOTAL VOTES     %   Early Voting  Election Day

 REGISTERED VOTERS - TOTAL .  .  .  .  .  .       0
 BALLOTS CAST - TOTAL.  .  .  .  .  .  .  .      81                    24            57
 BALLOTS CAST - REPUBLICAN PARTY .  .  .  .      77    95.06           24            53
 BALLOTS CAST - DEMOCRATIC PARTY .  .  .  .       4     4.94            0             4PREC REPORT-GROUP DETAIL                           STONEWALL COUNTY, TEXAS                                 REPORT-EL30A PAGE 0001-02
                                                   2012 PRIMARY RUNOFF ELECTION
                                                   JULY 31, 2012
RUN DATE:07/31/12 09:56 PM                         REPUBLICAN PARTY

0001 DEM PRECINCT #1 REP COUNTYWIDE
                                        TOTAL VOTES     %   Early Voting  Election Day

United States Senator
VOTE FOR  1
 David Dewhurst.  .  .  .  .  .  .  .  .  .      38    50.00           13            25
 Ted Cruz.  .  .  .  .  .  .  .  .  .  .  .      38    50.00           10            28


Railroad Commissioner
VOTE FOR  1
 Christi Craddick .  .  .  .  .  .  .  .  .      44    65.67           13            31
 Warren Chisum .  .  .  .  .  .  .  .  .  .      23    34.33            7            16


Railroad Commissioner, Unexpired Term
VOTE FOR  1
 Greg Parker.  .  .  .  .  .  .  .  .  .  .      37    58.73           12            25
 Barry Smitherman .  .  .  .  .  .  .  .  .      26    41.27            6            20


Justice, Supreme Court, Place 4
VOTE FOR  1
 John Devine.  .  .  .  .  .  .  .  .  .  .      43    70.49           16            27
 David Medina  .  .  .  .  .  .  .  .  .  .      18    29.51            1            17


State Representative, District 68
VOTE FOR  1
 Trent McKnight.  .  .  .  .  .  .  .  .  .      53    68.83           17            36
 Drew Springer .  .  .  .  .  .  .  .  .  .      24    31.17            7            17PREC REPORT-GROUP DETAIL                           STONEWALL COUNTY, TEXAS                                 REPORT-EL30A PAGE 0001-03
                                                   2012 PRIMARY RUNOFF ELECTION
                                                   JULY 31, 2012
RUN DATE:07/31/12 09:56 PM                         DEMOCRATIC PARTY

0001 DEM PRECINCT #1 REP COUNTYWIDE
                                        TOTAL VOTES     %   Early Voting  Election Day

United States Senator
VOTE FOR  1
 Grady Yarbrough  .  .  .  .  .  .  .  .  .       1    25.00            0             1
 Paul Sadler.  .  .  .  .  .  .  .  .  .  .       3    75.00            0             3PREC REPORT-GROUP DETAIL                           STONEWALL COUNTY, TEXAS                                 REPORT-EL30A PAGE 0002-01
                                                   2012 PRIMARY RUNOFF ELECTION
                                                   JULY 31, 2012
RUN DATE:07/31/12 09:56 PM                         STATISTICS

0002 PRECINCT #2
                                        TOTAL VOTES     %   Early Voting  Election Day

 REGISTERED VOTERS - TOTAL .  .  .  .  .  .       0
 BALLOTS CAST - TOTAL.  .  .  .  .  .  .  .       2                     0             2
 BALLOTS CAST - REPUBLICAN PARTY .  .  .  .       0                     0             0
 BALLOTS CAST - DEMOCRATIC PARTY .  .  .  .       2   100.00            0             2PREC REPORT-GROUP DETAIL                           STONEWALL COUNTY, TEXAS                                 REPORT-EL30A PAGE 0002-02
                                                   2012 PRIMARY RUNOFF ELECTION
                                                   JULY 31, 2012
RUN DATE:07/31/12 09:56 PM                         REPUBLICAN PARTY

0002 PRECINCT #2
                                        TOTAL VOTES     %   Early Voting  Election Day

United States Senator
VOTE FOR  1
 David Dewhurst.  .  .  .  .  .  .  .  .  .       0                     0             0
 Ted Cruz.  .  .  .  .  .  .  .  .  .  .  .       0                     0             0


Railroad Commissioner
VOTE FOR  1
 Christi Craddick .  .  .  .  .  .  .  .  .       0                     0             0
 Warren Chisum .  .  .  .  .  .  .  .  .  .       0                     0             0


Railroad Commissioner, Unexpired Term
VOTE FOR  1
 Greg Parker.  .  .  .  .  .  .  .  .  .  .       0                     0             0
 Barry Smitherman .  .  .  .  .  .  .  .  .       0                     0             0


Justice, Supreme Court, Place 4
VOTE FOR  1
 John Devine.  .  .  .  .  .  .  .  .  .  .       0                     0             0
 David Medina  .  .  .  .  .  .  .  .  .  .       0                     0             0


State Representative, District 68
VOTE FOR  1
 Trent McKnight.  .  .  .  .  .  .  .  .  .       0                     0             0
 Drew Springer .  .  .  .  .  .  .  .  .  .       0                     0             0PREC REPORT-GROUP DETAIL                           STONEWALL COUNTY, TEXAS                                 REPORT-EL30A PAGE 0002-03
                                                   2012 PRIMARY RUNOFF ELECTION
                                                   JULY 31, 2012
RUN DATE:07/31/12 09:56 PM                         DEMOCRATIC PARTY

0002 PRECINCT #2
                                        TOTAL VOTES     %   Early Voting  Election Day

United States Senator
VOTE FOR  1
 Grady Yarbrough  .  .  .  .  .  .  .  .  .       1    50.00            0             1
 Paul Sadler.  .  .  .  .  .  .  .  .  .  .       1    50.00            0             1PREC REPORT-GROUP DETAIL                           STONEWALL COUNTY, TEXAS                                 REPORT-EL30A PAGE 0003-01
                                                   2012 PRIMARY RUNOFF ELECTION
                                                   JULY 31, 2012
RUN DATE:07/31/12 09:56 PM                         STATISTICS

0003 PRECINCT #3
                                        TOTAL VOTES     %   Early Voting  Election Day

 REGISTERED VOTERS - TOTAL .  .  .  .  .  .       0
 BALLOTS CAST - TOTAL.  .  .  .  .  .  .  .       3                     1             2
 BALLOTS CAST - REPUBLICAN PARTY .  .  .  .       0                     0             0
 BALLOTS CAST - DEMOCRATIC PARTY .  .  .  .       3   100.00            1             2PREC REPORT-GROUP DETAIL                           STONEWALL COUNTY, TEXAS                                 REPORT-EL30A PAGE 0003-02
                                                   2012 PRIMARY RUNOFF ELECTION
                                                   JULY 31, 2012
RUN DATE:07/31/12 09:56 PM                         REPUBLICAN PARTY

0003 PRECINCT #3
                                        TOTAL VOTES     %   Early Voting  Election Day

United States Senator
VOTE FOR  1
 David Dewhurst.  .  .  .  .  .  .  .  .  .       0                     0             0
 Ted Cruz.  .  .  .  .  .  .  .  .  .  .  .       0                     0             0


Railroad Commissioner
VOTE FOR  1
 Christi Craddick .  .  .  .  .  .  .  .  .       0                     0             0
 Warren Chisum .  .  .  .  .  .  .  .  .  .       0                     0             0


Railroad Commissioner, Unexpired Term
VOTE FOR  1
 Greg Parker.  .  .  .  .  .  .  .  .  .  .       0                     0             0
 Barry Smitherman .  .  .  .  .  .  .  .  .       0                     0             0


Justice, Supreme Court, Place 4
VOTE FOR  1
 John Devine.  .  .  .  .  .  .  .  .  .  .       0                     0             0
 David Medina  .  .  .  .  .  .  .  .  .  .       0                     0             0


State Representative, District 68
VOTE FOR  1
 Trent McKnight.  .  .  .  .  .  .  .  .  .       0                     0             0
 Drew Springer .  .  .  .  .  .  .  .  .  .       0                     0             0PREC REPORT-GROUP DETAIL                           STONEWALL COUNTY, TEXAS                                 REPORT-EL30A PAGE 0003-03
                                                   2012 PRIMARY RUNOFF ELECTION
                                                   JULY 31, 2012
RUN DATE:07/31/12 09:56 PM                         DEMOCRATIC PARTY

0003 PRECINCT #3
                                        TOTAL VOTES     %   Early Voting  Election Day

United States Senator
VOTE FOR  1
 Grady Yarbrough  .  .  .  .  .  .  .  .  .       0                     0             0
 Paul Sadler.  .  .  .  .  .  .  .  .  .  .       3   100.00            1             2PREC REPORT-GROUP DETAIL                           STONEWALL COUNTY, TEXAS                                 REPORT-EL30A PAGE 0004-01
                                                   2012 PRIMARY RUNOFF ELECTION
                                                   JULY 31, 2012
RUN DATE:07/31/12 09:56 PM                         STATISTICS

0004 PRECINCT #4
                                        TOTAL VOTES     %   Early Voting  Election Day

 REGISTERED VOTERS - TOTAL .  .  .  .  .  .       0
 BALLOTS CAST - TOTAL.  .  .  .  .  .  .  .       5                     1             4
 BALLOTS CAST - REPUBLICAN PARTY .  .  .  .       0                     0             0
 BALLOTS CAST - DEMOCRATIC PARTY .  .  .  .       5   100.00            1             4PREC REPORT-GROUP DETAIL                           STONEWALL COUNTY, TEXAS                                 REPORT-EL30A PAGE 0004-02
                                                   2012 PRIMARY RUNOFF ELECTION
                                                   JULY 31, 2012
RUN DATE:07/31/12 09:56 PM                         REPUBLICAN PARTY

0004 PRECINCT #4
                                        TOTAL VOTES     %   Early Voting  Election Day

United States Senator
VOTE FOR  1
 David Dewhurst.  .  .  .  .  .  .  .  .  .       0                     0             0
 Ted Cruz.  .  .  .  .  .  .  .  .  .  .  .       0                     0             0


Railroad Commissioner
VOTE FOR  1
 Christi Craddick .  .  .  .  .  .  .  .  .       0                     0             0
 Warren Chisum .  .  .  .  .  .  .  .  .  .       0                     0             0


Railroad Commissioner, Unexpired Term
VOTE FOR  1
 Greg Parker.  .  .  .  .  .  .  .  .  .  .       0                     0             0
 Barry Smitherman .  .  .  .  .  .  .  .  .       0                     0             0


Justice, Supreme Court, Place 4
VOTE FOR  1
 John Devine.  .  .  .  .  .  .  .  .  .  .       0                     0             0
 David Medina  .  .  .  .  .  .  .  .  .  .       0                     0             0


State Representative, District 68
VOTE FOR  1
 Trent McKnight.  .  .  .  .  .  .  .  .  .       0                     0             0
 Drew Springer .  .  .  .  .  .  .  .  .  .       0                     0             0PREC REPORT-GROUP DETAIL                           STONEWALL COUNTY, TEXAS                                 REPORT-EL30A PAGE 0004-03
                                                   2012 PRIMARY RUNOFF ELECTION
                                                   JULY 31, 2012
RUN DATE:07/31/12 09:56 PM                         DEMOCRATIC PARTY

0004 PRECINCT #4
                                        TOTAL VOTES     %   Early Voting  Election Day

United States Senator
VOTE FOR  1
 Grady Yarbrough  .  .  .  .  .  .  .  .  .       0                     0             0
 Paul Sadler.  .  .  .  .  .  .  .  .  .  .       4   100.00            1             3
E